<!DOCTYPE html PUBLIC "-//W3C//DTD XHTML 1.1//EN" "http://www.w3.org/TR/xhtml11/DTD/xhtml11.dtd">
<html xmlns="http://www.w3.org/1999/xhtml"><head><title>TestNG Report</title><style type="text/css">table {margin-bottom:10px;border-collapse:collapse;empty-cells:show}th,td {border:1px solid #009;padding:.25em .5em}th {vertical-align:bottom}td {vertical-align:top}table a {font-weight:bold}.stripe td {background-color: #E6EBF9}.num {text-align:right}.passedodd td {background-color: #3F3}.passedeven td {background-color: #0A0}.skippedodd td {background-color: #DDD}.skippedeven td {background-color: #CCC}.failedodd td,.attn {background-color: #F33}.failedeven td,.stripe .attn {background-color: #D00}.stacktrace {white-space:pre;font-family:monospace}.totop {font-size:85%;text-align:center;border-bottom:2px solid #000}</style></head><body><table><tr><th>Test</th><th># Passed</th><th># Skipped</th><th># Failed</th><th>Time (ms)</th><th>Included Groups</th><th>Excluded Groups</th></tr><tr><th colspan="7">Command line suite</th></tr><tr><td><a href="#t0">Command line test</a></td><td class="num">6</td><td class="num">0</td><td class="num attn">2</td><td class="num">577,097</td><td></td><td></td></tr></table><table id='summary'><thead><tr><th>Class</th><th>Method</th><th>Start</th><th>Time (ms)</th></tr></thead><tbody><tr><th colspan="4">Command line suite</th></tr></tbody><tbody id="t0"><tr><th colspan="4">Command line test &#8212; failed (configuration methods)</th></tr><tr class="failedeven"><td rowspan="1">com.naniTech.automation.testcases.ProductsPageTest</td><td><a href="#m0">tearDown</a></td><td rowspan="1">1548601670919</td><td rowspan="1">3</td></tr><tr><th colspan="4">Command line test &#8212; failed</th></tr><tr class="failedeven"><td rowspan="1">com.naniTech.automation.testcases.ProductsPageTest</td><td><a href="#m1">selectProductByFilterTest</a></td><td rowspan="1">1548601644810</td><td rowspan="1">18342</td></tr><tr class="failedodd"><td rowspan="1">com.naniTech.automation.testcases.SignInPageTest</td><td><a href="#m2">loginLogoutAmazonTest</a></td><td rowspan="1">1548601822051</td><td rowspan="1">128782</td></tr><tr><th colspan="4">Command line test &#8212; passed</th></tr><tr class="passedeven"><td rowspan="5">com.naniTech.automation.testcases.IntroPageTest</td><td><a href="#m3">checkAmazonLogoTest</a></td><td rowspan="1">1548601787267</td><td rowspan="1">6338</td></tr><tr class="passedeven"><td><a href="#m4">getTitleTest</a></td><td rowspan="1">1548601718292</td><td rowspan="1">258</td></tr><tr class="passedeven"><td><a href="#m5">naviageToProducts</a></td><td rowspan="1">1548602135858</td><td rowspan="1">23756</td></tr><tr class="passedeven"><td><a href="#m6">searchProductTest</a></td><td rowspan="1">1548602072582</td><td rowspan="1">19609</td></tr><tr class="passedeven"><td><a href="#m7">signInPageTest</a></td><td rowspan="1">1548601999580</td><td rowspan="1">12414</td></tr><tr class="passedodd"><td rowspan="1">com.naniTech.automation.testcases.SignInPageTest</td><td><a href="#m8">checkCreateAccountBtnTest</a></td><td rowspan="1">1548601759667</td><td rowspan="1">4039</td></tr></tbody></table><h2>Command line test</h2><h3 id="m0">com.naniTech.automation.testcases.ProductsPageTest#tearDown</h3><table class="result"><tr class="param"><th>Parameter #1</th></tr><tr class="param stripe"><td>[TestResult name=selectProductByFilterTest status=FAILURE method=ProductsPageTest.selectProductByFilterTest()[pri:0, instance:com.naniTech.automation.testcases.ProductsPageTest@5c7fa833] output={null}]</td></tr><tr><th>Exception</th></tr><tr><td><div class="stacktrace">java.lang.NullPointerException
	at com.naniTech.automation.testbase.TestBase.attachStatusToExtentReport(TestBase.java:99)
	at com.naniTech.automation.testcases.ProductsPageTest.tearDown(ProductsPageTest.java:49)
... Removed 37 stack frames</div></td></tr></table><p class="totop"><a href="#summary">back to summary</a></p><h3 id="m1">com.naniTech.automation.testcases.ProductsPageTest#selectProductByFilterTest</h3><table class="result"><tr><th>Exception</th></tr><tr><td><div class="stacktrace">java.lang.NullPointerException
	at org.openqa.selenium.support.pagefactory.DefaultElementLocator.findElement(DefaultElementLocator.java:69)
	at org.openqa.selenium.support.pagefactory.internal.LocatingElementHandler.invoke(LocatingElementHandler.java:38)
	at com.sun.proxy.$Proxy10.isSelected(Unknown Source)
	at com.naniTech.automation.pages.ProductsPage.selectProductByFilter(ProductsPage.java:38)
	at com.naniTech.automation.testcases.ProductsPageTest.selectProductByFilterTest(ProductsPageTest.java:44)
... Removed 35 stack frames</div></td></tr></table><p class="totop"><a href="#summary">back to summary</a></p><h3 id="m2">com.naniTech.automation.testcases.SignInPageTest#loginLogoutAmazonTest</h3><table class="result"><tr><th>Exception</th></tr><tr><td><div class="stacktrace">org.openqa.selenium.NoSuchElementException: no such element: Unable to locate element: {&quot;method&quot;:&quot;xpath&quot;,&quot;selector&quot;:&quot;//a[@id=&apos;nav-item-signout-sa&apos; and ./span[contains(.,&apos;Sign Out&apos;)]]&quot;}
  (Session info: chrome=71.0.3578.98)
  (Driver info: chromedriver=2.38.552522 (437e6fbedfa8762dec75e2c5b3ddb86763dc9dcb),platform=Windows NT 10.0.16299 x86_64) (WARNING: The server did not provide any stacktrace information)
Command duration or timeout: 0 milliseconds
For documentation on this error, please visit: http://seleniumhq.org/exceptions/no_such_element.html
Build info: version: &apos;3.12.0&apos;, revision: &apos;7c6e0b3&apos;, time: &apos;2018-05-08T14:04:26.12Z&apos;
System info: host: &apos;DESKTOP-7PT4AIA&apos;, ip: &apos;192.168.170.1&apos;, os.name: &apos;Windows 10&apos;, os.arch: &apos;amd64&apos;, os.version: &apos;10.0&apos;, java.version: &apos;1.8.0_161&apos;
Driver info: org.openqa.selenium.chrome.ChromeDriver
Capabilities {acceptInsecureCerts: false, acceptSslCerts: false, applicationCacheEnabled: false, browserConnectionEnabled: false, browserName: chrome, chrome: {chromedriverVersion: 2.38.552522 (437e6fbedfa876..., userDataDir: C:\WINDOWS\TEMP\scoped_dir6...}, cssSelectorsEnabled: true, databaseEnabled: false, handlesAlerts: true, hasTouchScreen: false, javascriptEnabled: true, locationContextEnabled: true, mobileEmulationEnabled: false, nativeEvents: true, networkConnectionEnabled: false, pageLoadStrategy: normal, platform: XP, platformName: XP, rotatable: false, setWindowRect: true, takesHeapSnapshot: true, takesScreenshot: true, unexpectedAlertBehaviour: , unhandledPromptBehavior: , version: 71.0.3578.98, webStorageEnabled: true}
Session ID: 8f3669647ee7a42b46c4b598ccce227b
*** Element info: {Using=xpath, value=//a[@id=&apos;nav-item-signout-sa&apos; and ./span[contains(.,&apos;Sign Out&apos;)]]}
	at org.openqa.selenium.remote.ErrorHandler.createThrowable(ErrorHandler.java:214)
	at org.openqa.selenium.remote.ErrorHandler.throwIfResponseFailed(ErrorHandler.java:166)
	at org.openqa.selenium.remote.http.JsonHttpResponseCodec.reconstructValue(JsonHttpResponseCodec.java:40)
	at org.openqa.selenium.remote.http.AbstractHttpResponseCodec.decode(AbstractHttpResponseCodec.java:80)
	at org.openqa.selenium.remote.http.AbstractHttpResponseCodec.decode(AbstractHttpResponseCodec.java:44)
	at org.openqa.selenium.remote.HttpCommandExecutor.execute(HttpCommandExecutor.java:158)
	at org.openqa.selenium.remote.service.DriverCommandExecutor.execute(DriverCommandExecutor.java:83)
	at org.openqa.selenium.remote.RemoteWebDriver.execute(RemoteWebDriver.java:543)
	at org.openqa.selenium.remote.RemoteWebDriver.findElement(RemoteWebDriver.java:317)
	at org.openqa.selenium.remote.RemoteWebDriver.findElementByXPath(RemoteWebDriver.java:419)
	at org.openqa.selenium.By$ByXPath.findElement(By.java:353)
	at org.openqa.selenium.remote.RemoteWebDriver.findElement(RemoteWebDriver.java:309)
	at org.openqa.selenium.support.pagefactory.DefaultElementLocator.findElement(DefaultElementLocator.java:69)
	at org.openqa.selenium.support.pagefactory.internal.LocatingElementHandler.invoke(LocatingElementHandler.java:38)
	at com.sun.proxy.$Proxy10.click(Unknown Source)
	at com.naniTech.automation.pages.SignInPage.getLogoutBtn(SignInPage.java:77)
	at com.naniTech.automation.testcases.SignInPageTest.loginLogoutAmazonTest(SignInPageTest.java:59)
... Removed 39 stack frames</div></td></tr></table><p class="totop"><a href="#summary">back to summary</a></p><h3 id="m3">com.naniTech.automation.testcases.IntroPageTest#checkAmazonLogoTest</h3><table class="result"></table><p class="totop"><a href="#summary">back to summary</a></p><h3 id="m4">com.naniTech.automation.testcases.IntroPageTest#getTitleTest</h3><table class="result"></table><p class="totop"><a href="#summary">back to summary</a></p><h3 id="m5">com.naniTech.automation.testcases.IntroPageTest#naviageToProducts</h3><table class="result"></table><p class="totop"><a href="#summary">back to summary</a></p><h3 id="m6">com.naniTech.automation.testcases.IntroPageTest#searchProductTest</h3><table class="result"></table><p class="totop"><a href="#summary">back to summary</a></p><h3 id="m7">com.naniTech.automation.testcases.IntroPageTest#signInPageTest</h3><table class="result"></table><p class="totop"><a href="#summary">back to summary</a></p><h3 id="m8">com.naniTech.automation.testcases.SignInPageTest#checkCreateAccountBtnTest</h3><table class="result"></table><p class="totop"><a href="#summary">back to summary</a></p></body></html>