<?xml version="1.0" encoding="UTF-8"?>
<testng-results skipped="0" failed="2" ignored="0" total="8" passed="6">
  <reporter-output>
  </reporter-output>
  <suite name="Command line suite" duration-ms="577097" started-at="2019-01-27T15:06:36Z" finished-at="2019-01-27T15:16:13Z">
    <groups>
    </groups>
    <test name="Command line test" duration-ms="577097" started-at="2019-01-27T15:06:36Z" finished-at="2019-01-27T15:16:13Z">
      <class name="com.naniTech.automation.testcases.IntroPageTest">
        <test-method status="PASS" signature="setExtend()[pri:0, instance:com.naniTech.automation.testcases.IntroPageTest@457e2f02]" name="setExtend" is-config="true" duration-ms="6093" started-at="2019-01-27T07:06:36Z" finished-at="2019-01-27T07:06:42Z">
          <reporter-output>
          </reporter-output>
        </test-method> <!-- setExtend -->
        <test-method status="PASS" signature="setExtent()[pri:0, instance:com.naniTech.automation.testcases.ProductsPageTest@5c7fa833]" name="setExtent" is-config="true" duration-ms="6" started-at="2019-01-27T07:06:42Z" finished-at="2019-01-27T07:06:42Z">
          <reporter-output>
          </reporter-output>
        </test-method> <!-- setExtent -->
        <test-method status="PASS" signature="setExtend()[pri:0, instance:com.naniTech.automation.testcases.SignInPageTest@39aeed2f]" name="setExtend" is-config="true" duration-ms="5" started-at="2019-01-27T07:06:42Z" finished-at="2019-01-27T07:06:42Z">
          <reporter-output>
          </reporter-output>
        </test-method> <!-- setExtend -->
        <test-method status="PASS" signature="setUp()[pri:0, instance:com.naniTech.automation.testcases.IntroPageTest@457e2f02]" name="setUp" is-config="true" duration-ms="47344" started-at="2019-01-27T07:07:50Z" finished-at="2019-01-27T07:08:38Z">
          <reporter-output>
          </reporter-output>
        </test-method> <!-- setUp -->
        <test-method status="PASS" signature="getTitleTest()[pri:1, instance:com.naniTech.automation.testcases.IntroPageTest@457e2f02]" name="getTitleTest" duration-ms="258" started-at="2019-01-27T07:08:38Z" finished-at="2019-01-27T07:08:38Z">
          <reporter-output>
          </reporter-output>
        </test-method> <!-- getTitleTest -->
        <test-method status="PASS" signature="tearDown(org.testng.ITestResult)[pri:0, instance:com.naniTech.automation.testcases.IntroPageTest@457e2f02]" name="tearDown" is-config="true" duration-ms="1568" started-at="2019-01-27T07:08:38Z" finished-at="2019-01-27T07:08:40Z">
          <params>
            <param index="0">
              <value>
                <![CDATA[[TestResult name=getTitleTest status=SUCCESS method=IntroPageTest.getTitleTest()[pri:1, instance:com.naniTech.automation.testcases.IntroPageTest@457e2f02] output={null}]]]>
              </value>
            </param>
          </params>
          <reporter-output>
          </reporter-output>
        </test-method> <!-- tearDown -->
        <test-method status="PASS" signature="setUp()[pri:0, instance:com.naniTech.automation.testcases.IntroPageTest@457e2f02]" name="setUp" is-config="true" duration-ms="22382" started-at="2019-01-27T07:09:24Z" finished-at="2019-01-27T07:09:47Z">
          <reporter-output>
          </reporter-output>
        </test-method> <!-- setUp -->
        <test-method status="PASS" signature="checkAmazonLogoTest()[pri:2, instance:com.naniTech.automation.testcases.IntroPageTest@457e2f02]" name="checkAmazonLogoTest" duration-ms="6338" started-at="2019-01-27T07:09:47Z" finished-at="2019-01-27T07:09:53Z">
          <reporter-output>
          </reporter-output>
        </test-method> <!-- checkAmazonLogoTest -->
        <test-method status="PASS" signature="tearDown(org.testng.ITestResult)[pri:0, instance:com.naniTech.automation.testcases.IntroPageTest@457e2f02]" name="tearDown" is-config="true" duration-ms="715" started-at="2019-01-27T07:09:53Z" finished-at="2019-01-27T07:09:54Z">
          <params>
            <param index="0">
              <value>
                <![CDATA[[TestResult name=checkAmazonLogoTest status=SUCCESS method=IntroPageTest.checkAmazonLogoTest()[pri:2, instance:com.naniTech.automation.testcases.IntroPageTest@457e2f02] output={null}]]]>
              </value>
            </param>
          </params>
          <reporter-output>
          </reporter-output>
        </test-method> <!-- tearDown -->
        <test-method status="PASS" signature="setUp()[pri:0, instance:com.naniTech.automation.testcases.IntroPageTest@457e2f02]" name="setUp" is-config="true" duration-ms="45607" started-at="2019-01-27T07:12:33Z" finished-at="2019-01-27T07:13:19Z">
          <reporter-output>
          </reporter-output>
        </test-method> <!-- setUp -->
        <test-method status="PASS" signature="signInPageTest()[pri:3, instance:com.naniTech.automation.testcases.IntroPageTest@457e2f02]" name="signInPageTest" duration-ms="12414" started-at="2019-01-27T07:13:19Z" finished-at="2019-01-27T07:13:31Z">
          <reporter-output>
          </reporter-output>
        </test-method> <!-- signInPageTest -->
        <test-method status="PASS" signature="tearDown(org.testng.ITestResult)[pri:0, instance:com.naniTech.automation.testcases.IntroPageTest@457e2f02]" name="tearDown" is-config="true" duration-ms="1230" started-at="2019-01-27T07:13:31Z" finished-at="2019-01-27T07:13:33Z">
          <params>
            <param index="0">
              <value>
                <![CDATA[[TestResult name=signInPageTest status=SUCCESS method=IntroPageTest.signInPageTest()[pri:3, instance:com.naniTech.automation.testcases.IntroPageTest@457e2f02] output={null}]]]>
              </value>
            </param>
          </params>
          <reporter-output>
          </reporter-output>
        </test-method> <!-- tearDown -->
        <test-method status="PASS" signature="setUp()[pri:0, instance:com.naniTech.automation.testcases.IntroPageTest@457e2f02]" name="setUp" is-config="true" duration-ms="59218" started-at="2019-01-27T07:13:33Z" finished-at="2019-01-27T07:14:32Z">
          <reporter-output>
          </reporter-output>
        </test-method> <!-- setUp -->
        <test-method status="PASS" signature="searchProductTest()[pri:4, instance:com.naniTech.automation.testcases.IntroPageTest@457e2f02]" name="searchProductTest" duration-ms="19609" started-at="2019-01-27T07:14:32Z" finished-at="2019-01-27T07:14:52Z">
          <reporter-output>
          </reporter-output>
        </test-method> <!-- searchProductTest -->
        <test-method status="PASS" signature="tearDown(org.testng.ITestResult)[pri:0, instance:com.naniTech.automation.testcases.IntroPageTest@457e2f02]" name="tearDown" is-config="true" duration-ms="1508" started-at="2019-01-27T07:14:52Z" finished-at="2019-01-27T07:14:53Z">
          <params>
            <param index="0">
              <value>
                <![CDATA[[TestResult name=searchProductTest status=SUCCESS method=IntroPageTest.searchProductTest()[pri:4, instance:com.naniTech.automation.testcases.IntroPageTest@457e2f02] output={null}]]]>
              </value>
            </param>
          </params>
          <reporter-output>
          </reporter-output>
        </test-method> <!-- tearDown -->
        <test-method status="PASS" signature="setUp()[pri:0, instance:com.naniTech.automation.testcases.IntroPageTest@457e2f02]" name="setUp" is-config="true" duration-ms="42157" started-at="2019-01-27T07:14:53Z" finished-at="2019-01-27T07:15:35Z">
          <reporter-output>
          </reporter-output>
        </test-method> <!-- setUp -->
        <test-method status="PASS" signature="naviageToProducts()[pri:5, instance:com.naniTech.automation.testcases.IntroPageTest@457e2f02]" name="naviageToProducts" duration-ms="23756" started-at="2019-01-27T07:15:35Z" finished-at="2019-01-27T07:15:59Z">
          <reporter-output>
          </reporter-output>
        </test-method> <!-- naviageToProducts -->
        <test-method status="PASS" signature="tearDown(org.testng.ITestResult)[pri:0, instance:com.naniTech.automation.testcases.IntroPageTest@457e2f02]" name="tearDown" is-config="true" duration-ms="1099" started-at="2019-01-27T07:15:59Z" finished-at="2019-01-27T07:16:00Z">
          <params>
            <param index="0">
              <value>
                <![CDATA[[TestResult name=naviageToProducts status=SUCCESS method=IntroPageTest.naviageToProducts()[pri:5, instance:com.naniTech.automation.testcases.IntroPageTest@457e2f02] output={null}]]]>
              </value>
            </param>
          </params>
          <reporter-output>
          </reporter-output>
        </test-method> <!-- tearDown -->
        <test-method status="PASS" signature="endReport()[pri:0, instance:com.naniTech.automation.testcases.IntroPageTest@457e2f02]" name="endReport" is-config="true" duration-ms="12579" started-at="2019-01-27T07:16:00Z" finished-at="2019-01-27T07:16:13Z">
          <reporter-output>
          </reporter-output>
        </test-method> <!-- endReport -->
        <test-method status="PASS" signature="endExtent()[pri:0, instance:com.naniTech.automation.testcases.ProductsPageTest@5c7fa833]" name="endExtent" is-config="true" duration-ms="126" started-at="2019-01-27T07:16:13Z" finished-at="2019-01-27T07:16:13Z">
          <reporter-output>
          </reporter-output>
        </test-method> <!-- endExtent -->
        <test-method status="PASS" signature="endReport()[pri:0, instance:com.naniTech.automation.testcases.SignInPageTest@39aeed2f]" name="endReport" is-config="true" duration-ms="6" started-at="2019-01-27T07:16:13Z" finished-at="2019-01-27T07:16:13Z">
          <reporter-output>
          </reporter-output>
        </test-method> <!-- endReport -->
      </class> <!-- com.naniTech.automation.testcases.IntroPageTest -->
      <class name="com.naniTech.automation.testcases.SignInPageTest">
        <test-method status="PASS" signature="setUp()[pri:0, instance:com.naniTech.automation.testcases.SignInPageTest@39aeed2f]" name="setUp" is-config="true" duration-ms="39546" started-at="2019-01-27T07:08:40Z" finished-at="2019-01-27T07:09:19Z">
          <reporter-output>
          </reporter-output>
        </test-method> <!-- setUp -->
        <test-method status="PASS" signature="checkCreateAccountBtnTest()[pri:1, instance:com.naniTech.automation.testcases.SignInPageTest@39aeed2f]" name="checkCreateAccountBtnTest" duration-ms="4039" started-at="2019-01-27T07:09:19Z" finished-at="2019-01-27T07:09:23Z">
          <reporter-output>
          </reporter-output>
        </test-method> <!-- checkCreateAccountBtnTest -->
        <test-method status="PASS" signature="tearDown(org.testng.ITestResult)[pri:0, instance:com.naniTech.automation.testcases.SignInPageTest@39aeed2f]" name="tearDown" is-config="true" duration-ms="1177" started-at="2019-01-27T07:09:23Z" finished-at="2019-01-27T07:09:24Z">
          <params>
            <param index="0">
              <value>
                <![CDATA[[TestResult name=checkCreateAccountBtnTest status=SUCCESS method=SignInPageTest.checkCreateAccountBtnTest()[pri:1, instance:com.naniTech.automation.testcases.SignInPageTest@39aeed2f] output={null}]]]>
              </value>
            </param>
          </params>
          <reporter-output>
          </reporter-output>
        </test-method> <!-- tearDown -->
        <test-method status="PASS" signature="setUp()[pri:0, instance:com.naniTech.automation.testcases.SignInPageTest@39aeed2f]" name="setUp" is-config="true" duration-ms="27730" started-at="2019-01-27T07:09:54Z" finished-at="2019-01-27T07:10:22Z">
          <reporter-output>
          </reporter-output>
        </test-method> <!-- setUp -->
        <test-method status="FAIL" signature="loginLogoutAmazonTest()[pri:2, instance:com.naniTech.automation.testcases.SignInPageTest@39aeed2f]" name="loginLogoutAmazonTest" duration-ms="128782" started-at="2019-01-27T07:10:22Z" finished-at="2019-01-27T07:12:30Z">
          <exception class="org.openqa.selenium.NoSuchElementException">
            <message>
              <![CDATA[no such element: Unable to locate element: {"method":"xpath","selector":"//a[@id='nav-item-signout-sa' and ./span[contains(.,'Sign Out')]]"}
  (Session info: chrome=71.0.3578.98)
  (Driver info: chromedriver=2.38.552522 (437e6fbedfa8762dec75e2c5b3ddb86763dc9dcb),platform=Windows NT 10.0.16299 x86_64) (WARNING: The server did not provide any stacktrace information)
Command duration or timeout: 0 milliseconds
For documentation on this error, please visit: http://seleniumhq.org/exceptions/no_such_element.html
Build info: version: '3.12.0', revision: '7c6e0b3', time: '2018-05-08T14:04:26.12Z'
System info: host: 'DESKTOP-7PT4AIA', ip: '192.168.170.1', os.name: 'Windows 10', os.arch: 'amd64', os.version: '10.0', java.version: '1.8.0_161'
Driver info: org.openqa.selenium.chrome.ChromeDriver
Capabilities {acceptInsecureCerts: false, acceptSslCerts: false, applicationCacheEnabled: false, browserConnectionEnabled: false, browserName: chrome, chrome: {chromedriverVersion: 2.38.552522 (437e6fbedfa876..., userDataDir: C:\WINDOWS\TEMP\scoped_dir6...}, cssSelectorsEnabled: true, databaseEnabled: false, handlesAlerts: true, hasTouchScreen: false, javascriptEnabled: true, locationContextEnabled: true, mobileEmulationEnabled: false, nativeEvents: true, networkConnectionEnabled: false, pageLoadStrategy: normal, platform: XP, platformName: XP, rotatable: false, setWindowRect: true, takesHeapSnapshot: true, takesScreenshot: true, unexpectedAlertBehaviour: , unhandledPromptBehavior: , version: 71.0.3578.98, webStorageEnabled: true}
Session ID: 8f3669647ee7a42b46c4b598ccce227b
*** Element info: {Using=xpath, value=//a[@id='nav-item-signout-sa' and ./span[contains(.,'Sign Out')]]}]]>
            </message>
            <full-stacktrace>
              <![CDATA[org.openqa.selenium.NoSuchElementException: no such element: Unable to locate element: {"method":"xpath","selector":"//a[@id='nav-item-signout-sa' and ./span[contains(.,'Sign Out')]]"}
  (Session info: chrome=71.0.3578.98)
  (Driver info: chromedriver=2.38.552522 (437e6fbedfa8762dec75e2c5b3ddb86763dc9dcb),platform=Windows NT 10.0.16299 x86_64) (WARNING: The server did not provide any stacktrace information)
Command duration or timeout: 0 milliseconds
For documentation on this error, please visit: http://seleniumhq.org/exceptions/no_such_element.html
Build info: version: '3.12.0', revision: '7c6e0b3', time: '2018-05-08T14:04:26.12Z'
System info: host: 'DESKTOP-7PT4AIA', ip: '192.168.170.1', os.name: 'Windows 10', os.arch: 'amd64', os.version: '10.0', java.version: '1.8.0_161'
Driver info: org.openqa.selenium.chrome.ChromeDriver
Capabilities {acceptInsecureCerts: false, acceptSslCerts: false, applicationCacheEnabled: false, browserConnectionEnabled: false, browserName: chrome, chrome: {chromedriverVersion: 2.38.552522 (437e6fbedfa876..., userDataDir: C:\WINDOWS\TEMP\scoped_dir6...}, cssSelectorsEnabled: true, databaseEnabled: false, handlesAlerts: true, hasTouchScreen: false, javascriptEnabled: true, locationContextEnabled: true, mobileEmulationEnabled: false, nativeEvents: true, networkConnectionEnabled: false, pageLoadStrategy: normal, platform: XP, platformName: XP, rotatable: false, setWindowRect: true, takesHeapSnapshot: true, takesScreenshot: true, unexpectedAlertBehaviour: , unhandledPromptBehavior: , version: 71.0.3578.98, webStorageEnabled: true}
Session ID: 8f3669647ee7a42b46c4b598ccce227b
*** Element info: {Using=xpath, value=//a[@id='nav-item-signout-sa' and ./span[contains(.,'Sign Out')]]}
	at sun.reflect.NativeConstructorAccessorImpl.newInstance0(Native Method)
	at sun.reflect.NativeConstructorAccessorImpl.newInstance(NativeConstructorAccessorImpl.java:62)
	at sun.reflect.DelegatingConstructorAccessorImpl.newInstance(DelegatingConstructorAccessorImpl.java:45)
	at java.lang.reflect.Constructor.newInstance(Constructor.java:423)
	at org.openqa.selenium.remote.ErrorHandler.createThrowable(ErrorHandler.java:214)
	at org.openqa.selenium.remote.ErrorHandler.throwIfResponseFailed(ErrorHandler.java:166)
	at org.openqa.selenium.remote.http.JsonHttpResponseCodec.reconstructValue(JsonHttpResponseCodec.java:40)
	at org.openqa.selenium.remote.http.AbstractHttpResponseCodec.decode(AbstractHttpResponseCodec.java:80)
	at org.openqa.selenium.remote.http.AbstractHttpResponseCodec.decode(AbstractHttpResponseCodec.java:44)
	at org.openqa.selenium.remote.HttpCommandExecutor.execute(HttpCommandExecutor.java:158)
	at org.openqa.selenium.remote.service.DriverCommandExecutor.execute(DriverCommandExecutor.java:83)
	at org.openqa.selenium.remote.RemoteWebDriver.execute(RemoteWebDriver.java:543)
	at org.openqa.selenium.remote.RemoteWebDriver.findElement(RemoteWebDriver.java:317)
	at org.openqa.selenium.remote.RemoteWebDriver.findElementByXPath(RemoteWebDriver.java:419)
	at org.openqa.selenium.By$ByXPath.findElement(By.java:353)
	at org.openqa.selenium.remote.RemoteWebDriver.findElement(RemoteWebDriver.java:309)
	at org.openqa.selenium.support.pagefactory.DefaultElementLocator.findElement(DefaultElementLocator.java:69)
	at org.openqa.selenium.support.pagefactory.internal.LocatingElementHandler.invoke(LocatingElementHandler.java:38)
	at com.sun.proxy.$Proxy10.click(Unknown Source)
	at com.naniTech.automation.pages.SignInPage.getLogoutBtn(SignInPage.java:77)
	at com.naniTech.automation.testcases.SignInPageTest.loginLogoutAmazonTest(SignInPageTest.java:59)
	at sun.reflect.NativeMethodAccessorImpl.invoke0(Native Method)
	at sun.reflect.NativeMethodAccessorImpl.invoke(NativeMethodAccessorImpl.java:62)
	at sun.reflect.DelegatingMethodAccessorImpl.invoke(DelegatingMethodAccessorImpl.java:43)
	at java.lang.reflect.Method.invoke(Method.java:498)
	at org.testng.internal.MethodInvocationHelper.invokeMethod(MethodInvocationHelper.java:108)
	at org.testng.internal.Invoker.invokeMethod(Invoker.java:661)
	at org.testng.internal.Invoker.invokeTestMethod(Invoker.java:869)
	at org.testng.internal.Invoker.invokeTestMethods(Invoker.java:1193)
	at org.testng.internal.TestMethodWorker.invokeTestMethods(TestMethodWorker.java:126)
	at org.testng.internal.TestMethodWorker.run(TestMethodWorker.java:109)
	at org.testng.TestRunner.privateRun(TestRunner.java:744)
	at org.testng.TestRunner.run(TestRunner.java:602)
	at org.testng.SuiteRunner.runTest(SuiteRunner.java:380)
	at org.testng.SuiteRunner.runSequentially(SuiteRunner.java:375)
	at org.testng.SuiteRunner.privateRun(SuiteRunner.java:340)
	at org.testng.SuiteRunner.run(SuiteRunner.java:289)
	at org.testng.SuiteRunnerWorker.runSuite(SuiteRunnerWorker.java:52)
	at org.testng.SuiteRunnerWorker.run(SuiteRunnerWorker.java:86)
	at org.testng.TestNG.runSuitesSequentially(TestNG.java:1301)
	at org.testng.TestNG.runSuitesLocally(TestNG.java:1226)
	at org.testng.TestNG.runSuites(TestNG.java:1144)
	at org.testng.TestNG.run(TestNG.java:1115)
	at org.apache.maven.surefire.testng.TestNGExecutor.run(TestNGExecutor.java:77)
	at org.apache.maven.surefire.testng.TestNGDirectoryTestSuite.executeMulti(TestNGDirectoryTestSuite.java:159)
	at org.apache.maven.surefire.testng.TestNGDirectoryTestSuite.execute(TestNGDirectoryTestSuite.java:99)
	at org.apache.maven.surefire.testng.TestNGProvider.invoke(TestNGProvider.java:106)
	at sun.reflect.NativeMethodAccessorImpl.invoke0(Native Method)
	at sun.reflect.NativeMethodAccessorImpl.invoke(NativeMethodAccessorImpl.java:62)
	at sun.reflect.DelegatingMethodAccessorImpl.invoke(DelegatingMethodAccessorImpl.java:43)
	at java.lang.reflect.Method.invoke(Method.java:498)
	at org.apache.maven.surefire.util.ReflectionUtils.invokeMethodWithArray(ReflectionUtils.java:189)
	at org.apache.maven.surefire.booter.ProviderFactory$ProviderProxy.invoke(ProviderFactory.java:165)
	at org.apache.maven.surefire.booter.ProviderFactory.invokeProvider(ProviderFactory.java:85)
	at org.apache.maven.surefire.booter.ForkedBooter.runSuitesInProcess(ForkedBooter.java:115)
	at org.apache.maven.surefire.booter.ForkedBooter.main(ForkedBooter.java:75)
]]>
            </full-stacktrace>
          </exception> <!-- org.openqa.selenium.NoSuchElementException -->
          <reporter-output>
          </reporter-output>
        </test-method> <!-- loginLogoutAmazonTest -->
        <test-method status="PASS" signature="tearDown(org.testng.ITestResult)[pri:0, instance:com.naniTech.automation.testcases.SignInPageTest@39aeed2f]" name="tearDown" is-config="true" duration-ms="2062" started-at="2019-01-27T07:12:31Z" finished-at="2019-01-27T07:12:33Z">
          <params>
            <param index="0">
              <value>
                <![CDATA[[TestResult name=loginLogoutAmazonTest status=FAILURE method=SignInPageTest.loginLogoutAmazonTest()[pri:2, instance:com.naniTech.automation.testcases.SignInPageTest@39aeed2f] output={null}]]]>
              </value>
            </param>
          </params>
          <reporter-output>
          </reporter-output>
        </test-method> <!-- tearDown -->
      </class> <!-- com.naniTech.automation.testcases.SignInPageTest -->
      <class name="com.naniTech.automation.testcases.ProductsPageTest">
        <test-method status="PASS" signature="setUp()[pri:0, instance:com.naniTech.automation.testcases.ProductsPageTest@5c7fa833]" name="setUp" is-config="true" duration-ms="41903" started-at="2019-01-27T07:06:42Z" finished-at="2019-01-27T07:07:24Z">
          <reporter-output>
          </reporter-output>
        </test-method> <!-- setUp -->
        <test-method status="FAIL" signature="selectProductByFilterTest()[pri:0, instance:com.naniTech.automation.testcases.ProductsPageTest@5c7fa833]" name="selectProductByFilterTest" duration-ms="18342" started-at="2019-01-27T07:07:24Z" finished-at="2019-01-27T07:07:43Z">
          <exception class="java.lang.NullPointerException">
            <full-stacktrace>
              <![CDATA[java.lang.NullPointerException
	at org.openqa.selenium.support.pagefactory.DefaultElementLocator.findElement(DefaultElementLocator.java:69)
	at org.openqa.selenium.support.pagefactory.internal.LocatingElementHandler.invoke(LocatingElementHandler.java:38)
	at com.sun.proxy.$Proxy10.isSelected(Unknown Source)
	at com.naniTech.automation.pages.ProductsPage.selectProductByFilter(ProductsPage.java:38)
	at com.naniTech.automation.testcases.ProductsPageTest.selectProductByFilterTest(ProductsPageTest.java:44)
	at sun.reflect.NativeMethodAccessorImpl.invoke0(Native Method)
	at sun.reflect.NativeMethodAccessorImpl.invoke(NativeMethodAccessorImpl.java:62)
	at sun.reflect.DelegatingMethodAccessorImpl.invoke(DelegatingMethodAccessorImpl.java:43)
	at java.lang.reflect.Method.invoke(Method.java:498)
	at org.testng.internal.MethodInvocationHelper.invokeMethod(MethodInvocationHelper.java:108)
	at org.testng.internal.Invoker.invokeMethod(Invoker.java:661)
	at org.testng.internal.Invoker.invokeTestMethod(Invoker.java:869)
	at org.testng.internal.Invoker.invokeTestMethods(Invoker.java:1193)
	at org.testng.internal.TestMethodWorker.invokeTestMethods(TestMethodWorker.java:126)
	at org.testng.internal.TestMethodWorker.run(TestMethodWorker.java:109)
	at org.testng.TestRunner.privateRun(TestRunner.java:744)
	at org.testng.TestRunner.run(TestRunner.java:602)
	at org.testng.SuiteRunner.runTest(SuiteRunner.java:380)
	at org.testng.SuiteRunner.runSequentially(SuiteRunner.java:375)
	at org.testng.SuiteRunner.privateRun(SuiteRunner.java:340)
	at org.testng.SuiteRunner.run(SuiteRunner.java:289)
	at org.testng.SuiteRunnerWorker.runSuite(SuiteRunnerWorker.java:52)
	at org.testng.SuiteRunnerWorker.run(SuiteRunnerWorker.java:86)
	at org.testng.TestNG.runSuitesSequentially(TestNG.java:1301)
	at org.testng.TestNG.runSuitesLocally(TestNG.java:1226)
	at org.testng.TestNG.runSuites(TestNG.java:1144)
	at org.testng.TestNG.run(TestNG.java:1115)
	at org.apache.maven.surefire.testng.TestNGExecutor.run(TestNGExecutor.java:77)
	at org.apache.maven.surefire.testng.TestNGDirectoryTestSuite.executeMulti(TestNGDirectoryTestSuite.java:159)
	at org.apache.maven.surefire.testng.TestNGDirectoryTestSuite.execute(TestNGDirectoryTestSuite.java:99)
	at org.apache.maven.surefire.testng.TestNGProvider.invoke(TestNGProvider.java:106)
	at sun.reflect.NativeMethodAccessorImpl.invoke0(Native Method)
	at sun.reflect.NativeMethodAccessorImpl.invoke(NativeMethodAccessorImpl.java:62)
	at sun.reflect.DelegatingMethodAccessorImpl.invoke(DelegatingMethodAccessorImpl.java:43)
	at java.lang.reflect.Method.invoke(Method.java:498)
	at org.apache.maven.surefire.util.ReflectionUtils.invokeMethodWithArray(ReflectionUtils.java:189)
	at org.apache.maven.surefire.booter.ProviderFactory$ProviderProxy.invoke(ProviderFactory.java:165)
	at org.apache.maven.surefire.booter.ProviderFactory.invokeProvider(ProviderFactory.java:85)
	at org.apache.maven.surefire.booter.ForkedBooter.runSuitesInProcess(ForkedBooter.java:115)
	at org.apache.maven.surefire.booter.ForkedBooter.main(ForkedBooter.java:75)
]]>
            </full-stacktrace>
          </exception> <!-- java.lang.NullPointerException -->
          <reporter-output>
          </reporter-output>
        </test-method> <!-- selectProductByFilterTest -->
        <test-method status="FAIL" signature="tearDown(org.testng.ITestResult)[pri:0, instance:com.naniTech.automation.testcases.ProductsPageTest@5c7fa833]" name="tearDown" is-config="true" duration-ms="3" started-at="2019-01-27T07:07:50Z" finished-at="2019-01-27T07:07:50Z">
          <params>
            <param index="0">
              <value>
                <![CDATA[[TestResult name=selectProductByFilterTest status=FAILURE method=ProductsPageTest.selectProductByFilterTest()[pri:0, instance:com.naniTech.automation.testcases.ProductsPageTest@5c7fa833] output={null}]]]>
              </value>
            </param>
          </params>
          <exception class="java.lang.NullPointerException">
            <full-stacktrace>
              <![CDATA[java.lang.NullPointerException
	at com.naniTech.automation.testbase.TestBase.attachStatusToExtentReport(TestBase.java:99)
	at com.naniTech.automation.testcases.ProductsPageTest.tearDown(ProductsPageTest.java:49)
	at sun.reflect.NativeMethodAccessorImpl.invoke0(Native Method)
	at sun.reflect.NativeMethodAccessorImpl.invoke(NativeMethodAccessorImpl.java:62)
	at sun.reflect.DelegatingMethodAccessorImpl.invoke(DelegatingMethodAccessorImpl.java:43)
	at java.lang.reflect.Method.invoke(Method.java:498)
	at org.testng.internal.MethodInvocationHelper.invokeMethod(MethodInvocationHelper.java:108)
	at org.testng.internal.Invoker.invokeConfigurationMethod(Invoker.java:523)
	at org.testng.internal.Invoker.invokeConfigurations(Invoker.java:224)
	at org.testng.internal.Invoker.invokeMethod(Invoker.java:723)
	at org.testng.internal.Invoker.invokeTestMethod(Invoker.java:869)
	at org.testng.internal.Invoker.invokeTestMethods(Invoker.java:1193)
	at org.testng.internal.TestMethodWorker.invokeTestMethods(TestMethodWorker.java:126)
	at org.testng.internal.TestMethodWorker.run(TestMethodWorker.java:109)
	at org.testng.TestRunner.privateRun(TestRunner.java:744)
	at org.testng.TestRunner.run(TestRunner.java:602)
	at org.testng.SuiteRunner.runTest(SuiteRunner.java:380)
	at org.testng.SuiteRunner.runSequentially(SuiteRunner.java:375)
	at org.testng.SuiteRunner.privateRun(SuiteRunner.java:340)
	at org.testng.SuiteRunner.run(SuiteRunner.java:289)
	at org.testng.SuiteRunnerWorker.runSuite(SuiteRunnerWorker.java:52)
	at org.testng.SuiteRunnerWorker.run(SuiteRunnerWorker.java:86)
	at org.testng.TestNG.runSuitesSequentially(TestNG.java:1301)
	at org.testng.TestNG.runSuitesLocally(TestNG.java:1226)
	at org.testng.TestNG.runSuites(TestNG.java:1144)
	at org.testng.TestNG.run(TestNG.java:1115)
	at org.apache.maven.surefire.testng.TestNGExecutor.run(TestNGExecutor.java:77)
	at org.apache.maven.surefire.testng.TestNGDirectoryTestSuite.executeMulti(TestNGDirectoryTestSuite.java:159)
	at org.apache.maven.surefire.testng.TestNGDirectoryTestSuite.execute(TestNGDirectoryTestSuite.java:99)
	at org.apache.maven.surefire.testng.TestNGProvider.invoke(TestNGProvider.java:106)
	at sun.reflect.NativeMethodAccessorImpl.invoke0(Native Method)
	at sun.reflect.NativeMethodAccessorImpl.invoke(NativeMethodAccessorImpl.java:62)
	at sun.reflect.DelegatingMethodAccessorImpl.invoke(DelegatingMethodAccessorImpl.java:43)
	at java.lang.reflect.Method.invoke(Method.java:498)
	at org.apache.maven.surefire.util.ReflectionUtils.invokeMethodWithArray(ReflectionUtils.java:189)
	at org.apache.maven.surefire.booter.ProviderFactory$ProviderProxy.invoke(ProviderFactory.java:165)
	at org.apache.maven.surefire.booter.ProviderFactory.invokeProvider(ProviderFactory.java:85)
	at org.apache.maven.surefire.booter.ForkedBooter.runSuitesInProcess(ForkedBooter.java:115)
	at org.apache.maven.surefire.booter.ForkedBooter.main(ForkedBooter.java:75)
]]>
            </full-stacktrace>
          </exception> <!-- java.lang.NullPointerException -->
          <reporter-output>
          </reporter-output>
        </test-method> <!-- tearDown -->
      </class> <!-- com.naniTech.automation.testcases.ProductsPageTest -->
    </test> <!-- Command line test -->
  </suite> <!-- Command line suite -->
</testng-results>
